Log file open, 10/15/16 19:04:09
LogInit:Display: Running engine for game: jacobsVR
LogPlatformFile: Not using cached read wrapper
LogInit:Display: RandInit(-1111149441) SRandInit(-1111149440).
LogTaskGraph: Started task graph with 4 named threads and 5 total threads.
LogStats: Stats thread started at 0.073685
LogInit: Version: 4.11.1-2934540+++UE4+Release-4.11
LogInit: API Version: 2927265
LogInit: Compiled (64-bit): Apr  6 2016 02:14:16
LogInit: Compiled with Visual C++: 19.00.23026.00
LogInit: Build Configuration: Development
LogInit: Branch Name: ++UE4+Release-4.11
LogInit: Command line: 
LogInit: Base directory: C:/Program Files (x86)/Epic Games/4.11/Engine/Binaries/Win64/
LogInit: Installed Engine Build: 1
LogInit: Using libcurl 7.41.0
LogInit:  - built for x86_64-pc-win32
LogInit:  - supports SSL with WinSSL
LogInit:  - other features:
LogInit:      CURL_VERSION_SSL
LogInit:      CURL_VERSION_IPV6
LogInit:      CURL_VERSION_ASYNCHDNS
LogInit:      CURL_VERSION_LARGEFILE
LogInit:      CURL_VERSION_IDN
LogInit:  CurlRequestOptions (configurable via config and command line):
LogInit:  - bVerifyPeer = true  - Libcurl will verify peer certificate
LogInit:  - bUseHttpProxy = false  - Libcurl will NOT use HTTP proxy
LogInit:  - bDontReuseConnections = false  - Libcurl will reuse connections
LogInit:  - CertBundlePath = nullptr  - Libcurl will use whatever was configured at build time.
LogInit: Presizing for max 16777216 objects, including 0 objects not considered by GC, pre-allocating 0 bytes for permanent pool.
LogInit: Object subsystem initialized
[2016.10.15-17.04.09:581][  0]LogInit: Selected Device Profile: [Windows]
[2016.10.15-17.04.09:581][  0]LogInit: Applying CVar settings loaded from the selected device profile: [Windows]
[2016.10.15-17.04.09:594][  0]LogInit: Computer: DELL-PC
[2016.10.15-17.04.09:594][  0]LogInit: User: Dell
[2016.10.15-17.04.09:594][  0]LogInit: CPU Page size=65536, Cores=2
[2016.10.15-17.04.09:594][  0]LogInit: High frequency timer resolution =2.338341 MHz
[2016.10.15-17.04.09:594][  0]LogMemory: Memory total: Physical=7.9GB (8GB approx)
[2016.10.15-17.04.09:594][  0]LogMemory: Platform Memory Stats for Windows
[2016.10.15-17.04.09:594][  0]LogMemory: Process Physical Memory: 312.41 MB used, 312.41 MB peak
[2016.10.15-17.04.09:594][  0]LogMemory: Process Virtual Memory: 315.54 MB used, 315.54 MB peak
[2016.10.15-17.04.09:594][  0]LogMemory: Physical Memory: 6088.16 MB used, 8072.96 MB total
[2016.10.15-17.04.09:594][  0]LogMemory: Virtual Memory: 652.10 MB used, 134217728.00 MB total
[2016.10.15-17.04.09:627][  0]LogTextLocalizationManager: No specific translations for ('es-MX') exist, so ('es') translations will be used.
[2016.10.15-17.04.09:977][  0]LogD3D11RHI: D3D11 adapters:
[2016.10.15-17.04.09:987][  0]LogD3D11RHI:    0. 'Intel(R) HD Graphics Family' (Feature Level 11_0)
[2016.10.15-17.04.09:987][  0]LogD3D11RHI:       112MB of dedicated video memory, 0MB of dedicated system memory, and 2048MB of shared system memory, 1 output[s]
[2016.10.15-17.04.09:988][  0]LogD3D11RHI:    1. 'Microsoft Basic Render Driver' (Feature Level 11_0)
[2016.10.15-17.04.09:988][  0]LogD3D11RHI:       0MB of dedicated video memory, 0MB of dedicated system memory, and 4036MB of shared system memory, 0 output[s]
[2016.10.15-17.04.09:988][  0]LogD3D11RHI: Chosen D3D11 Adapter: 0
[2016.10.15-17.04.09:998][  0]LogD3D11RHI: Creating new Direct3DDevice
[2016.10.15-17.04.09:998][  0]LogD3D11RHI:     Adapter Name: Intel(R) HD Graphics Family
[2016.10.15-17.04.09:998][  0]LogD3D11RHI:   Driver Version: 20.19.15.4463 (internal 20.19.15.4463)
[2016.10.15-17.04.09:998][  0]LogD3D11RHI:      Driver Date: 5-25-2016
[2016.10.15-17.04.09:998][  0]LogRHI: Texture pool is 795 MB (70% of 1136 MB)
[2016.10.15-17.04.10:006][  0]LogD3D11RHI: Async texture creation enabled
[2016.10.15-17.04.10:015][  0]LogShaderCompilers: Guid format shader working directory is -18 characters bigger than the processId version (../../../../../../Users/Dell/Documents/Unreal Projects/jacobsVR/Intermediate/Shaders/WorkingDirectory/3608/).
[2016.10.15-17.04.10:015][  0]LogShaderCompilers: Cleaned the shader compiler working directory 'C:/Users/Dell/AppData/Local/Temp/UnrealShaderWorkingDir/4C9B6F0549005C0F28D5DD8685BAD89C/'.
[2016.10.15-17.04.10:015][  0]LogShaderCompilers:Display: Using Local Shader Compiler.
[2016.10.15-17.04.12:591][  0]LogTemp:Display: Loaded TP AllDesktopTargetPlatform
[2016.10.15-17.04.12:597][  0]LogTemp:Display: Loaded TP WindowsClientTargetPlatform
[2016.10.15-17.04.12:606][  0]LogTemp:Display: Loaded TP WindowsNoEditorTargetPlatform
[2016.10.15-17.04.12:617][  0]LogTemp:Display: Loaded TP WindowsServerTargetPlatform
[2016.10.15-17.04.12:625][  0]LogTemp:Display: Loaded TP WindowsTargetPlatform
[2016.10.15-17.04.12:630][  0]LogTemp:Display: Loaded TP AndroidTargetPlatform
[2016.10.15-17.04.12:635][  0]LogTemp:Display: Loaded TP Android_ASTCTargetPlatform
[2016.10.15-17.04.12:639][  0]LogTemp:Display: Loaded TP Android_ATCTargetPlatform
[2016.10.15-17.04.12:643][  0]LogTemp:Display: Loaded TP Android_DXTTargetPlatform
[2016.10.15-17.04.12:648][  0]LogTemp:Display: Loaded TP Android_ETC1TargetPlatform
[2016.10.15-17.04.12:652][  0]LogTemp:Display: Loaded TP Android_ETC2TargetPlatform
[2016.10.15-17.04.12:661][  0]LogTemp:Display: Loaded TP Android_MultiTargetPlatform
[2016.10.15-17.04.12:661][  0]LogTemp:Display: Loaded TP Android_PVRTCTargetPlatform
[2016.10.15-17.04.12:662][  0]LogTemp:Display: Loaded TP HTML5TargetPlatform
[2016.10.15-17.04.12:682][  0]LogTemp:Display: Loaded TP IOSTargetPlatform
[2016.10.15-17.04.12:685][  0]LogTemp:Display: Loaded TP TVOSTargetPlatform
[2016.10.15-17.04.12:689][  0]LogTemp:Display: Loaded TP LinuxNoEditorTargetPlatform
[2016.10.15-17.04.12:692][  0]LogTemp:Display: Loaded TP LinuxServerTargetPlatform
[2016.10.15-17.04.12:697][  0]LogTemp:Display: Loaded TP LinuxTargetPlatform
[2016.10.15-17.04.12:697][  0]LogTargetPlatformManager:Display: Building Assets For Windows
[2016.10.15-17.04.12:808][  0]LogDerivedDataCache:Display: Max Cache Size: 512 MB
[2016.10.15-17.04.12:869][  0]LogDerivedDataCache: Loaded boot cache 0.06s 46MB C:/Users/Dell/AppData/Local/UnrealEngine/4.11/DerivedDataCache/Boot.ddc.
[2016.10.15-17.04.12:869][  0]LogDerivedDataCache:Display: Loaded Boot cache: C:/Users/Dell/AppData/Local/UnrealEngine/4.11/DerivedDataCache/Boot.ddc
[2016.10.15-17.04.12:869][  0]LogDerivedDataCache: FDerivedDataBackendGraph:  Pak pak cache file ../../../../../../Users/Dell/Documents/Unreal Projects/jacobsVR/DerivedDataCache/DDC.ddp not found, will not use a pak cache.
[2016.10.15-17.04.12:869][  0]LogDerivedDataCache: Unable to find inner node Pak for hierarchical cache Hierarchy.
[2016.10.15-17.04.12:869][  0]LogDerivedDataCache: FDerivedDataBackendGraph:  CompressedPak pak cache file ../../../../../../Users/Dell/Documents/Unreal Projects/jacobsVR/DerivedDataCache/Compressed.ddp not found, will not use a pak cache.
[2016.10.15-17.04.12:869][  0]LogDerivedDataCache: Unable to find inner node CompressedPak for hierarchical cache Hierarchy.
[2016.10.15-17.04.12:886][  0]LogDerivedDataCache:Display: Pak cache opened for reading ../../../Engine/DerivedDataCache/Compressed.ddp.
[2016.10.15-17.04.12:899][  0]LogDerivedDataCache: Using Local data cache path C:/Users/Dell/AppData/Local/UnrealEngine/Common/DerivedDataCache: Writable
[2016.10.15-17.04.13:101][  0]LogInit: Selected Device Profile: [Windows]
[2016.10.15-17.04.13:102][  0]LogContentStreaming: Texture pool size is 0.00 MB
[2016.10.15-17.04.13:142][  0]LogMaterial: Uniform references updated for custom material expression Custom.
[2016.10.15-17.04.13:289][  0]LogMeshUtilities: No automatic mesh reduction module available
[2016.10.15-17.04.13:289][  0]LogMeshUtilities: No automatic mesh merging module available
[2016.10.15-17.04.13:289][  0]LogMeshUtilities: No distributed automatic mesh merging module available
[2016.10.15-17.04.13:568][  0]LogUObjectArray: 27678 objects as part of root set at end of initial load.
[2016.10.15-17.04.13:568][  0]LogUObjectAllocator: 5591392 out of 0 bytes used by permanent object pool.
[2016.10.15-17.04.13:568][  0]LogUObjectArray: CloseDisregardForGC: 0/0 objects in disregard for GC pool
[2016.10.15-17.04.13:580][  0]LogInit: WinSock: version 1.1 (2.2), MaxSocks=32767, MaxUdp=65467
[2016.10.15-17.04.13:744][  0]LogSlate: SlateFontCache - WITH_FREETYPE: 1, WITH_HARFBUZZ: 1
[2016.10.15-17.04.13:745][  0]LogSlate: SlateFontCache - WITH_FREETYPE: 1, WITH_HARFBUZZ: 1
[2016.10.15-17.04.13:896][  0]LogStreaming:Warning: Failed to read file '../../../Engine/Content/Editor/Slate/Common/Selection_16x.png' error.
[2016.10.15-17.04.13:896][  0]LogSlate: Could not find file for Slate resource: ../../../Engine/Content/Editor/Slate/Common/Selection_16x.png
[2016.10.15-17.04.13:896][  0]LogStreaming:Warning: Failed to read file '../../../Engine/Content/Editor/Slate/Common/Selection_16x.png' error.
[2016.10.15-17.04.13:896][  0]LogSlate: Could not find file for Slate resource: ../../../Engine/Content/Editor/Slate/Common/Selection_16x.png
[2016.10.15-17.04.13:896][  0]LogStreaming:Warning: Failed to read file '../../../Engine/Content/Editor/Slate/Common/Selection_16x.png' error.
[2016.10.15-17.04.13:896][  0]LogSlate: Could not find file for Slate resource: ../../../Engine/Content/Editor/Slate/Common/Selection_16x.png
[2016.10.15-17.04.14:830][  0]LogUdpMessaging: Initializing bridge on interface 0.0.0.0:0 to multicast group 230.0.0.1:6666.
[2016.10.15-17.04.14:953][  0]LogAssetRegistry: FAssetRegistry took 0.0224 seconds to start up
[2016.10.15-17.04.15:172][  0]SourceControl: Información El control de código fuente está desactivado
[2016.10.15-17.04.15:174][  0]SourceControl: Información El control de código fuente está desactivado
[2016.10.15-17.04.15:186][  0]SourceControl: Información El control de código fuente está desactivado
[2016.10.15-17.04.15:200][  0]SourceControl: Información El control de código fuente está desactivado
[2016.10.15-17.04.15:518][  0]LogEngine: Initializing Engine...
[2016.10.15-17.04.15:519][  0]LogHMD: SteamVR failed to initialize.  Err: 110
[2016.10.15-17.04.15:520][  0]LogHMD: SteamVR failed to initialize.  Err: 110
[2016.10.15-17.04.15:724][  0]LogAIModule: Creating AISystem for world NewWorld
[2016.10.15-17.04.15:729][  0]LogInit: XAudio2 using 'Altavoces / Auriculares (Realtek High Definition Audio)' : 2 channels at 48 kHz using 32 bits per sample (channel mask 0x3)
[2016.10.15-17.04.16:019][  0]LogInit: FAudioDevice initialized.
[2016.10.15-17.04.16:049][  0]LogDerivedDataCache: Saved boot cache 0.03s 46MB C:/Users/Dell/AppData/Local/UnrealEngine/4.11/DerivedDataCache/Boot.ddc.
[2016.10.15-17.04.16:054][  0]LogInit: Texture streaming: Enabled
[2016.10.15-17.04.16:113][  0]LogInit: Transaction tracking system initialized
[2016.10.15-17.04.16:161][  0]BlueprintLog: New page: Cargar el editor
[2016.10.15-17.04.16:595][  0]LocalizationService: Información Localization service is disabled
[2016.10.15-17.04.17:290][  0]LogLinker:Warning: No puede encontrar el archivo '/Game/ThirdPersonBP/ThirdPersonOverview'
[2016.10.15-17.04.17:290][  0]LogLinker:Warning: No puede encontrar el archivo '/Game/ThirdPersonBP/ThirdPersonOverview'
[2016.10.15-17.04.17:290][  0]LogUObjectGlobals:Warning: Error al encontrar el objeto 'Class /Game/ThirdPersonBP/ThirdPersonOverview.ThirdPersonOverview_C'
[2016.10.15-17.04.17:480][  0]LogConsoleResponse:Display: 
[2016.10.15-17.04.17:609][  0]LogCook:Display: Max memory allowance for cook 8192mb
[2016.10.15-17.04.17:609][  0]LogCook:Display: Mobile HDR setting 1
[2016.10.15-17.04.17:609][  0]LogCook:Display: Done creating registry. It took  0.00s.
[2016.10.15-17.04.17:691][  0]LogFileCache: Scanning file cache for directory 'C:/Users/Dell/Documents/Unreal Projects/jacobsVR/Content/' took 0.01s
[2016.10.15-17.04.17:691][  0]SourceControl: Información El control de código fuente está desactivado
[2016.10.15-17.04.17:691][  0]Cmd: MAP LOAD FILE="../../../../../../Users/Dell/Documents/Unreal Projects/jacobsVR/Content/FirstPersonBP/Maps/FirstPersonExampleMap.umap" TEMPLATE=0 SHOWPROGRESS=1 FEATURELEVEL=3
[2016.10.15-17.04.17:691][  0]LightingResults: New page: Diseñar la iluminación
[2016.10.15-17.04.17:696][  0]MapCheck: New page: Revisión del mapa
[2016.10.15-17.04.17:696][  0]LightingResults: New page: Diseñar la iluminación
[2016.10.15-17.04.18:410][  0]LogAIModule: Creating AISystem for world FirstPersonExampleMap
[2016.10.15-17.04.18:424][  0]LogEditorServer: Finished looking for orphan Actors (0.000 secs)
[2016.10.15-17.04.18:425][  0]Cmd: MAP CHECKDEP NOCLEARLOG
[2016.10.15-17.04.18:486][  0]MapCheck: Información Map check complete: 0 Error(s), 0 Warning(s), took 61.081ms to complete.
[2016.10.15-17.04.18:486][  0]LogFileHelpers: Loading map 'FirstPersonExampleMap' took 0.795
[2016.10.15-17.04.18:625][  0]LogCollectionManager: Loaded 0 collections in 0.003292 seconds
[2016.10.15-17.04.18:670][  0]LogFileCache: Scanning file cache for directory 'C:/Users/Dell/Documents/Unreal Projects/jacobsVR/Saved/Collections/' took 0.01s
[2016.10.15-17.04.18:670][  0]LogFileCache: Scanning file cache for directory 'C:/Users/Dell/Documents/Unreal Projects/jacobsVR/Content/Developers/Dell/Collections/' took 0.01s
[2016.10.15-17.04.18:670][  0]LogFileCache: Scanning file cache for directory 'C:/Users/Dell/Documents/Unreal Projects/jacobsVR/Content/Collections/' took 0.01s
[2016.10.15-17.04.18:670][  0]LogCollectionManager: Rebuilt the GUID cache for 0 collections in 0.000004 seconds
[2016.10.15-17.04.18:680][  0]LogContentBrowser: Native class hierarchy populated in 0.0101 seconds. Added 1979 classes and 343 folders.
[2016.10.15-17.04.18:687][  0]LogStats: UGameplayTagsManager::ConstructGameplayTagTree: Construct from data asset -  0.000 s
[2016.10.15-17.04.18:687][  0]LogStats: UGameplayTagsManager::ConstructGameplayTagTree: GameplayTagTreeChangedEvent.Broadcast -  0.000 s
[2016.10.15-17.04.18:687][  0]LogContentBrowser: Native class hierarchy updated for 'GameplayTags' in 0.0006 seconds. Added 12 classes and 0 folders.
[2016.10.15-17.04.18:696][  0]LogContentBrowser: Native class hierarchy updated for 'WidgetCarousel' in 0.0004 seconds. Added 0 classes and 0 folders.
[2016.10.15-17.04.18:795][  0]LogContentBrowser: Native class hierarchy updated for 'SuperSearch' in 0.0008 seconds. Added 1 classes and 2 folders.
[2016.10.15-17.04.18:856][  0]LogContentBrowser: Native class hierarchy updated for 'AddContentDialog' in 0.0007 seconds. Added 0 classes and 0 folders.
[2016.10.15-17.04.18:864][  0]LogContentBrowser: Native class hierarchy updated for 'SceneOutliner' in 0.0005 seconds. Added 1 classes and 2 folders.
[2016.10.15-17.04.18:988][  0]LogCrashTracker: Crashtracker disabled due to settings.
[2016.10.15-17.04.18:993][  0]LogWindowsTextInputMethodSystem:Display: IME system now deactivated.
[2016.10.15-17.04.19:029][  0]LogUObjectGlobals:Warning: Error al encontrar el objeto 'Class Ninguno.'
[2016.10.15-17.04.19:063][  0]LogContentBrowser: Native class hierarchy updated for 'HierarchicalLODOutliner' in 0.0008 seconds. Added 1 classes and 2 folders.
[2016.10.15-17.04.19:063][  0]LogLoad: Full Startup: 10.60 seconds (BP compile: 0.11 seconds)
[2016.10.15-17.04.19:063][  0]LogExternalProfiler:Warning: No registered external profiler was matched with a command-line switch (or the DLL could not be loaded).  External profiling features will not be available.
[2016.10.15-17.04.19:081][  0]LogOcInput: OculusInput pre-init called
[2016.10.15-17.04.19:163][  0]LogContentStreaming: Texture pool size now 200 MB
[2016.10.15-17.04.19:375][  0]LogRenderer: Reallocating scene render targets to support 856x372 (Frame:2).
[2016.10.15-17.04.19:843][  1]LogAssetRegistry: Asset discovery search completed in 4.9128 seconds
[2016.10.15-17.04.19:844][  1]LogCollectionManager: Rebuilt the object cache for 0 collections in 0.000001 seconds (found 0 objects)
[2016.10.15-17.04.19:844][  1]LogCollectionManager: Fixed up redirectors for 0 collections in 0.000039 seconds (updated 0 objects)
[2016.10.15-17.04.29:038][407]LogBlueprintUserMessages: Early PlayInEditor Detection: Level '/Game/FirstPersonBP/Maps/FirstPersonExampleMap.FirstPersonExampleMap:PersistentLevel' has LevelScriptBlueprint '/Game/FirstPersonBP/Maps/FirstPersonExampleMap.FirstPersonExampleMap:PersistentLevel.FirstPersonExampleMap' with GeneratedClass '/Game/FirstPersonBP/Maps/FirstPersonExampleMap.FirstPersonExampleMap_C' with ClassGeneratedBy '/Game/FirstPersonBP/Maps/FirstPersonExampleMap.FirstPersonExampleMap:PersistentLevel.FirstPersonExampleMap'
[2016.10.15-17.04.29:038][407]LogPlayLevel: PlayLevel: No blueprints needed recompiling
[2016.10.15-17.04.29:041][407]PIE: New page: Sesión PIE (reproducción en el editor): FirstPersonExampleMap (15/10/2016 20:04:29)
[2016.10.15-17.04.29:041][407]LogPlayLevel: Creating play world package: /Game/FirstPersonBP/Maps/UEDPIE_0_FirstPersonExampleMap
[2016.10.15-17.04.29:090][407]LogPlayLevel: PIE: StaticDuplicateObject took: (0.049227s)
[2016.10.15-17.04.29:091][407]LogAIModule: Creating AISystem for world FirstPersonExampleMap
[2016.10.15-17.04.29:092][407]LogPlayLevel: PIE: World Init took: (0.000957s)
[2016.10.15-17.04.29:092][407]LogPlayLevel: PIE: Created PIE world by copying editor world from /Game/FirstPersonBP/Maps/FirstPersonExampleMap.FirstPersonExampleMap to /Game/FirstPersonBP/Maps/UEDPIE_0_FirstPersonExampleMap.FirstPersonExampleMap (0.050552s)
[2016.10.15-17.04.29:135][407]LogInit: XAudio2 using 'Altavoces / Auriculares (Realtek High Definition Audio)' : 2 channels at 48 kHz using 32 bits per sample (channel mask 0x3)
[2016.10.15-17.04.29:154][407]LogInit: FAudioDevice initialized.
[2016.10.15-17.04.29:245][407]LogWorld: Game class is 'FirstPersonGameMode_C'
[2016.10.15-17.04.29:253][407]LogWorld: Bringing World /Game/FirstPersonBP/Maps/UEDPIE_0_FirstPersonExampleMap.FirstPersonExampleMap up for play (max tick rate 60) at 2016.10.15-19.04.29
[2016.10.15-17.04.29:255][407]LogWorld: Bringing up level for play took: 0.008645
[2016.10.15-17.04.29:267][407]LogContentBrowser: Native class hierarchy updated for 'MovieSceneCapture' in 0.0007 seconds. Added 9 classes and 0 folders.
[2016.10.15-17.04.29:267][407]PIE: Información Tiempo de inicio de la reproducción en el editor para  /Game/FirstPersonBP/Maps/UEDPIE_0_FirstPersonExampleMap 0.492
[2016.10.15-17.04.29:268][407]LogBlueprintUserMessages: Late PlayInEditor Detection: Level '/Game/FirstPersonBP/Maps/FirstPersonExampleMap.FirstPersonExampleMap:PersistentLevel' has LevelScriptBlueprint '/Game/FirstPersonBP/Maps/FirstPersonExampleMap.FirstPersonExampleMap:PersistentLevel.FirstPersonExampleMap' with GeneratedClass '/Game/FirstPersonBP/Maps/FirstPersonExampleMap.FirstPersonExampleMap_C' with ClassGeneratedBy '/Game/FirstPersonBP/Maps/FirstPersonExampleMap.FirstPersonExampleMap:PersistentLevel.FirstPersonExampleMap'
[2016.10.15-17.04.32:450][588]LogBlueprintUserMessages: Early EndPlayMap Detection: Level '/Game/FirstPersonBP/Maps/FirstPersonExampleMap.FirstPersonExampleMap:PersistentLevel' has LevelScriptBlueprint '/Game/FirstPersonBP/Maps/FirstPersonExampleMap.FirstPersonExampleMap:PersistentLevel.FirstPersonExampleMap' with GeneratedClass '/Game/FirstPersonBP/Maps/FirstPersonExampleMap.FirstPersonExampleMap_C' with ClassGeneratedBy '/Game/FirstPersonBP/Maps/FirstPersonExampleMap.FirstPersonExampleMap:PersistentLevel.FirstPersonExampleMap'
[2016.10.15-17.04.32:485][588]LogBlueprintUserMessages: Late EndPlayMap Detection: Level '/Game/FirstPersonBP/Maps/FirstPersonExampleMap.FirstPersonExampleMap:PersistentLevel' has LevelScriptBlueprint '/Game/FirstPersonBP/Maps/FirstPersonExampleMap.FirstPersonExampleMap:PersistentLevel.FirstPersonExampleMap' with GeneratedClass '/Game/FirstPersonBP/Maps/FirstPersonExampleMap.FirstPersonExampleMap_C' with ClassGeneratedBy '/Game/FirstPersonBP/Maps/FirstPersonExampleMap.FirstPersonExampleMap:PersistentLevel.FirstPersonExampleMap'
[2016.10.15-17.05.13:742][444]LogBlueprintUserMessages: Early PlayInEditor Detection: Level '/Game/FirstPersonBP/Maps/FirstPersonExampleMap.FirstPersonExampleMap:PersistentLevel' has LevelScriptBlueprint '/Game/FirstPersonBP/Maps/FirstPersonExampleMap.FirstPersonExampleMap:PersistentLevel.FirstPersonExampleMap' with GeneratedClass '/Game/FirstPersonBP/Maps/FirstPersonExampleMap.FirstPersonExampleMap_C' with ClassGeneratedBy '/Game/FirstPersonBP/Maps/FirstPersonExampleMap.FirstPersonExampleMap:PersistentLevel.FirstPersonExampleMap'
[2016.10.15-17.05.13:743][444]LogPlayLevel: PlayLevel: No blueprints needed recompiling
[2016.10.15-17.05.13:743][444]PIE: New page: Sesión PIE (reproducción en el editor): FirstPersonExampleMap (15/10/2016 20:05:13)
[2016.10.15-17.05.13:743][444]LogPlayLevel: Creating play world package: /Game/FirstPersonBP/Maps/UEDPIE_0_FirstPersonExampleMap
[2016.10.15-17.05.13:792][444]LogPlayLevel: PIE: StaticDuplicateObject took: (0.048464s)
[2016.10.15-17.05.13:793][444]LogAIModule: Creating AISystem for world FirstPersonExampleMap
[2016.10.15-17.05.13:793][444]LogPlayLevel: PIE: World Init took: (0.001546s)
[2016.10.15-17.05.13:794][444]LogPlayLevel: PIE: Created PIE world by copying editor world from /Game/FirstPersonBP/Maps/FirstPersonExampleMap.FirstPersonExampleMap to /Game/FirstPersonBP/Maps/UEDPIE_0_FirstPersonExampleMap.FirstPersonExampleMap (0.050506s)
[2016.10.15-17.05.13:825][444]LogInit: XAudio2 using 'Altavoces / Auriculares (Realtek High Definition Audio)' : 2 channels at 48 kHz using 32 bits per sample (channel mask 0x3)
[2016.10.15-17.05.13:846][444]LogInit: FAudioDevice initialized.
[2016.10.15-17.05.13:880][444]LogWorld: Game class is 'FirstPersonGameMode_C'
[2016.10.15-17.05.13:885][444]LogWorld: Bringing World /Game/FirstPersonBP/Maps/UEDPIE_0_FirstPersonExampleMap.FirstPersonExampleMap up for play (max tick rate 60) at 2016.10.15-19.05.13
[2016.10.15-17.05.13:886][444]LogWorld: Bringing up level for play took: 0.005147
[2016.10.15-17.05.13:887][444]PIE: Información Tiempo de inicio de la reproducción en el editor para  /Game/FirstPersonBP/Maps/UEDPIE_0_FirstPersonExampleMap 1.112
[2016.10.15-17.05.13:887][444]LogBlueprintUserMessages: Late PlayInEditor Detection: Level '/Game/FirstPersonBP/Maps/FirstPersonExampleMap.FirstPersonExampleMap:PersistentLevel' has LevelScriptBlueprint '/Game/FirstPersonBP/Maps/FirstPersonExampleMap.FirstPersonExampleMap:PersistentLevel.FirstPersonExampleMap' with GeneratedClass '/Game/FirstPersonBP/Maps/FirstPersonExampleMap.FirstPersonExampleMap_C' with ClassGeneratedBy '/Game/FirstPersonBP/Maps/FirstPersonExampleMap.FirstPersonExampleMap:PersistentLevel.FirstPersonExampleMap'
[2016.10.15-17.05.16:790][610]LogBlueprintUserMessages: Early EndPlayMap Detection: Level '/Game/FirstPersonBP/Maps/FirstPersonExampleMap.FirstPersonExampleMap:PersistentLevel' has LevelScriptBlueprint '/Game/FirstPersonBP/Maps/FirstPersonExampleMap.FirstPersonExampleMap:PersistentLevel.FirstPersonExampleMap' with GeneratedClass '/Game/FirstPersonBP/Maps/FirstPersonExampleMap.FirstPersonExampleMap_C' with ClassGeneratedBy '/Game/FirstPersonBP/Maps/FirstPersonExampleMap.FirstPersonExampleMap:PersistentLevel.FirstPersonExampleMap'
[2016.10.15-17.05.16:823][610]LogBlueprintUserMessages: Late EndPlayMap Detection: Level '/Game/FirstPersonBP/Maps/FirstPersonExampleMap.FirstPersonExampleMap:PersistentLevel' has LevelScriptBlueprint '/Game/FirstPersonBP/Maps/FirstPersonExampleMap.FirstPersonExampleMap:PersistentLevel.FirstPersonExampleMap' with GeneratedClass '/Game/FirstPersonBP/Maps/FirstPersonExampleMap.FirstPersonExampleMap_C' with ClassGeneratedBy '/Game/FirstPersonBP/Maps/FirstPersonExampleMap.FirstPersonExampleMap:PersistentLevel.FirstPersonExampleMap'
[2016.10.15-17.05.18:161][672]LogEditorViewport: Clicking on Actor (LMB): StaticMeshActor (Wall1)
[2016.10.15-17.05.20:076][745]LogEditorViewport: Clicking on Actor (context menu): StaticMeshActor (Wall1)
[2016.10.15-17.05.38:265][435]LogEditorViewport: Clicking on Actor (LMB): StaticMeshActor (Wall1)
[2016.10.15-17.05.39:056][468]LogEditorViewport: Clicking on Actor (context menu): StaticMeshActor (Wall1)
[2016.10.15-17.05.51:110][909]LogEditorViewport: Clicking on Actor (LMB): BP_Sky_Sphere_C (SkySphereBlueprint)
[2016.10.15-17.05.52:144][950]LogEditorViewport: Clicking on Actor (context menu): StaticMeshActor (Wall1)
[2016.10.15-17.06.11:834][379]LogEditorViewport: Clicking on Actor (LMB): TextRenderActor (TextRenderActor)
[2016.10.15-17.06.18:562][670]LogEditorViewport: Clicking on Actor (LMB): SkyLight (SkyLight)
[2016.10.15-17.06.33:094][306]LogEditorViewport: Clicking on Actor (LMB): LightmassImportanceVolume (LightmassImportanceVolume)
[2016.10.15-17.06.33:881][339]LogEditorViewport: Clicking on Actor (LMB): DirectionalLight (Light Source)
[2016.10.15-17.06.38:991][558]LogEditorViewport: Clicking on Actor (LMB): SkyLight (SkyLight)
[2016.10.15-17.06.39:840][592]LogEditorViewport: Clicking on Actor (context menu): SkyLight (SkyLight)
[2016.10.15-17.06.45:844][835]LogEditorViewport: Clicking on Actor (LMB): BP_Sky_Sphere_C (SkySphereBlueprint)
[2016.10.15-17.06.50:503][ 31]LogEditorViewport: Clicking on Actor (LMB): SphereReflectionCapture (SphereReflectionCapture)
[2016.10.15-17.06.53:462][158]LogEditorViewport: Clicking on Actor (context menu): SphereReflectionCapture (SphereReflectionCapture)
[2016.10.15-17.07.01:852][460]LogEditorViewport: Clicking on Actor (context menu): SphereReflectionCapture (SphereReflectionCapture)
[2016.10.15-17.07.08:392][715]LogBlueprintUserMessages: Early PlayInEditor Detection: Level '/Game/FirstPersonBP/Maps/FirstPersonExampleMap.FirstPersonExampleMap:PersistentLevel' has LevelScriptBlueprint '/Game/FirstPersonBP/Maps/FirstPersonExampleMap.FirstPersonExampleMap:PersistentLevel.FirstPersonExampleMap' with GeneratedClass '/Game/FirstPersonBP/Maps/FirstPersonExampleMap.FirstPersonExampleMap_C' with ClassGeneratedBy '/Game/FirstPersonBP/Maps/FirstPersonExampleMap.FirstPersonExampleMap:PersistentLevel.FirstPersonExampleMap'
[2016.10.15-17.07.08:393][715]LogPlayLevel: PlayLevel: No blueprints needed recompiling
[2016.10.15-17.07.08:393][715]PIE: New page: Sesión PIE (reproducción en el editor): FirstPersonExampleMap (15/10/2016 20:07:08)
[2016.10.15-17.07.08:393][715]LogPlayLevel: Creating play world package: /Game/FirstPersonBP/Maps/UEDPIE_0_FirstPersonExampleMap
[2016.10.15-17.07.08:418][715]LogPlayLevel: PIE: StaticDuplicateObject took: (0.024956s)
[2016.10.15-17.07.08:419][715]LogAIModule: Creating AISystem for world FirstPersonExampleMap
[2016.10.15-17.07.08:419][715]LogPlayLevel: PIE: World Init took: (0.001243s)
[2016.10.15-17.07.08:420][715]LogPlayLevel: PIE: Created PIE world by copying editor world from /Game/FirstPersonBP/Maps/FirstPersonExampleMap.FirstPersonExampleMap to /Game/FirstPersonBP/Maps/UEDPIE_0_FirstPersonExampleMap.FirstPersonExampleMap (0.026572s)
[2016.10.15-17.07.08:482][715]LogInit: XAudio2 using 'Altavoces / Auriculares (Realtek High Definition Audio)' : 2 channels at 48 kHz using 32 bits per sample (channel mask 0x3)
[2016.10.15-17.07.08:498][715]LogInit: FAudioDevice initialized.
[2016.10.15-17.07.08:528][715]LogWorld: Game class is 'FirstPersonGameMode_C'
[2016.10.15-17.07.08:532][715]LogWorld: Bringing World /Game/FirstPersonBP/Maps/UEDPIE_0_FirstPersonExampleMap.FirstPersonExampleMap up for play (max tick rate 60) at 2016.10.15-19.07.08
[2016.10.15-17.07.08:532][715]LogWorld: Bringing up level for play took: 0.004122
[2016.10.15-17.07.08:534][715]PIE: Información Tiempo de inicio de la reproducción en el editor para  /Game/FirstPersonBP/Maps/UEDPIE_0_FirstPersonExampleMap -0.242
[2016.10.15-17.07.08:534][715]LogBlueprintUserMessages: Late PlayInEditor Detection: Level '/Game/FirstPersonBP/Maps/FirstPersonExampleMap.FirstPersonExampleMap:PersistentLevel' has LevelScriptBlueprint '/Game/FirstPersonBP/Maps/FirstPersonExampleMap.FirstPersonExampleMap:PersistentLevel.FirstPersonExampleMap' with GeneratedClass '/Game/FirstPersonBP/Maps/FirstPersonExampleMap.FirstPersonExampleMap_C' with ClassGeneratedBy '/Game/FirstPersonBP/Maps/FirstPersonExampleMap.FirstPersonExampleMap:PersistentLevel.FirstPersonExampleMap'
[2016.10.15-17.07.12:293][931]LogBlueprintUserMessages: Early EndPlayMap Detection: Level '/Game/FirstPersonBP/Maps/FirstPersonExampleMap.FirstPersonExampleMap:PersistentLevel' has LevelScriptBlueprint '/Game/FirstPersonBP/Maps/FirstPersonExampleMap.FirstPersonExampleMap:PersistentLevel.FirstPersonExampleMap' with GeneratedClass '/Game/FirstPersonBP/Maps/FirstPersonExampleMap.FirstPersonExampleMap_C' with ClassGeneratedBy '/Game/FirstPersonBP/Maps/FirstPersonExampleMap.FirstPersonExampleMap:PersistentLevel.FirstPersonExampleMap'
[2016.10.15-17.07.12:335][931]LogBlueprintUserMessages: Late EndPlayMap Detection: Level '/Game/FirstPersonBP/Maps/FirstPersonExampleMap.FirstPersonExampleMap:PersistentLevel' has LevelScriptBlueprint '/Game/FirstPersonBP/Maps/FirstPersonExampleMap.FirstPersonExampleMap:PersistentLevel.FirstPersonExampleMap' with GeneratedClass '/Game/FirstPersonBP/Maps/FirstPersonExampleMap.FirstPersonExampleMap_C' with ClassGeneratedBy '/Game/FirstPersonBP/Maps/FirstPersonExampleMap.FirstPersonExampleMap:PersistentLevel.FirstPersonExampleMap'
[2016.10.15-17.07.22:352][340]Cmd: TRANSACTION UNDO
[2016.10.15-17.07.22:352][340]LogEditorTransaction: Undo Pinchar en los actores (menú contextual)
[2016.10.15-17.07.24:156][411]Cmd: TRANSACTION UNDO
[2016.10.15-17.07.24:156][411]LogEditorTransaction: Undo Pinchar en los actores (menú contextual)
[2016.10.15-17.07.24:696][433]Cmd: TRANSACTION UNDO
[2016.10.15-17.07.24:696][433]LogEditorTransaction: Undo Pinchar en los actores
[2016.10.15-17.07.25:514][466]Cmd: TRANSACTION UNDO
[2016.10.15-17.07.25:515][466]LogEditorTransaction: Undo Pinchar en los actores
[2016.10.15-17.07.25:937][483]Cmd: TRANSACTION UNDO
[2016.10.15-17.07.25:937][483]LogEditorTransaction: Undo Pinchar en los actores (menú contextual)
[2016.10.15-17.07.26:184][493]Cmd: TRANSACTION UNDO
[2016.10.15-17.07.26:184][493]LogEditorTransaction: Undo Pinchar en los actores
[2016.10.15-17.07.26:652][512]Cmd: TRANSACTION UNDO
[2016.10.15-17.07.26:652][512]LogEditorTransaction: Undo Move Actors
[2016.10.15-17.07.27:297][538]Cmd: TRANSACTION UNDO
[2016.10.15-17.07.27:297][538]LogEditorTransaction: Undo Pinchar en los actores
[2016.10.15-17.07.27:852][561]Cmd: TRANSACTION UNDO
[2016.10.15-17.07.27:853][561]LogEditorTransaction: Undo Pinchar en los actores
[2016.10.15-17.07.28:487][587]Cmd: TRANSACTION UNDO
[2016.10.15-17.07.28:487][587]LogEditorTransaction: Undo Move Actors
[2016.10.15-17.07.28:911][599]Cmd: TRANSACTION UNDO
[2016.10.15-17.07.28:911][599]LogEditorTransaction: Undo Move Actors
[2016.10.15-17.07.29:363][614]Cmd: TRANSACTION UNDO
[2016.10.15-17.07.29:363][614]LogEditorTransaction: Undo Pinchar en los actores
[2016.10.15-17.07.29:740][629]Cmd: TRANSACTION UNDO
[2016.10.15-17.07.29:740][629]LogEditorTransaction: Undo Pinchar en los actores
[2016.10.15-17.07.30:033][640]Cmd: TRANSACTION UNDO
[2016.10.15-17.07.30:033][640]LogEditorTransaction: Undo Pinchar en los actores (menú contextual)
[2016.10.15-17.07.30:362][653]Cmd: TRANSACTION UNDO
[2016.10.15-17.07.30:362][653]LogEditorTransaction: Undo Pinchar en los actores
[2016.10.15-17.07.33:889][799]Cmd: TRANSACTION UNDO
[2016.10.15-17.07.33:890][799]LogEditorTransaction: Undo Pinchar en los actores (menú contextual)
[2016.10.15-17.07.34:160][808]Cmd: TRANSACTION UNDO
[2016.10.15-17.07.34:161][808]LogEditorTransaction: Undo Pinchar en los actores
[2016.10.15-17.07.34:614][826]Cmd: TRANSACTION UNDO
[2016.10.15-17.07.34:614][826]LogEditorTransaction: Undo Pinchar en los actores (menú contextual)
[2016.10.15-17.07.34:859][836]Cmd: TRANSACTION UNDO
[2016.10.15-17.07.34:860][836]LogEditorTransaction: Undo Pinchar en los actores
[2016.10.15-17.07.46:745][150]Cmd: QUIT_EDITOR
[2016.10.15-17.07.46:907][150]LogWindowsTextInputMethodSystem:Display: IME system now deactivated.
[2016.10.15-17.07.47:001][150]LogExit: Preparing to exit.
[2016.10.15-17.07.48:128][150]LogExit: Editor shut down
[2016.10.15-17.07.48:128][150]LogExit: Transaction tracking system shut down
[2016.10.15-17.07.48:299][150]LogObj: Freed 0b from 0 cluster array pools.
[2016.10.15-17.07.48:299][150]LogExit: Object subsystem successfully closed.
[2016.10.15-17.07.48:322][150]LogD3D11RHI: Shutdown
[2016.10.15-17.07.48:322][150]LogD3D11RHI: CleanupD3DDevice
[2016.10.15-17.07.48:441][150]LogD3D11RHI: ~FD3D11DynamicRHI
[2016.10.15-17.07.48:510][150]LogDerivedDataCache: Shutdown
[2016.10.15-17.07.48:512][150]LogModuleManager: Shutting down and abandoning module MovieSceneCapture (205)
[2016.10.15-17.07.48:512][150]LogModuleManager: Shutting down and abandoning module HierarchicalLODOutliner (204)
[2016.10.15-17.07.48:512][150]LogModuleManager: Shutting down and abandoning module ExternalImagePicker (203)
[2016.10.15-17.07.48:512][150]LogModuleManager: Shutting down and abandoning module CrashTracker (202)
[2016.10.15-17.07.48:512][150]LogModuleManager: Shutting down and abandoning module SceneOutliner (201)
[2016.10.15-17.07.48:512][150]LogModuleManager: Shutting down and abandoning module SuperSearch (200)
[2016.10.15-17.07.48:512][150]LogModuleManager: Shutting down and abandoning module WidgetCarousel (199)
[2016.10.15-17.07.48:512][150]LogModuleManager: Shutting down and abandoning module AddContentDialog (198)
[2016.10.15-17.07.48:513][150]LogModuleManager: Shutting down and abandoning module GameplayTags (197)
[2016.10.15-17.07.48:513][150]LogModuleManager: Shutting down and abandoning module EditorWidgets (196)
[2016.10.15-17.07.48:513][150]LogModuleManager: Shutting down and abandoning module CollectionManager (195)
[2016.10.15-17.07.48:513][150]LogModuleManager: Shutting down and abandoning module StatsViewer (194)
[2016.10.15-17.07.48:513][150]LogModuleManager: Shutting down and abandoning module FoliageEdit (193)
[2016.10.15-17.07.48:514][150]LogModuleManager: Shutting down and abandoning module LandscapeEditor (192)
[2016.10.15-17.07.48:514][150]LogModuleManager: Shutting down and abandoning module ActorPickerMode (191)
[2016.10.15-17.07.48:514][150]LogModuleManager: Shutting down and abandoning module GeometryMode (190)
[2016.10.15-17.07.48:514][150]LogModuleManager: Shutting down and abandoning module TextureAlignMode (189)
[2016.10.15-17.07.48:514][150]LogModuleManager: Shutting down and abandoning module BspMode (188)
[2016.10.15-17.07.48:514][150]LogModuleManager: Shutting down and abandoning module PlacementMode (187)
[2016.10.15-17.07.48:514][150]LogModuleManager: Shutting down and abandoning module AutomationWorker (186)
[2016.10.15-17.07.48:514][150]LogModuleManager: Shutting down and abandoning module CharacterAI (185)
[2016.10.15-17.07.48:514][150]LogModuleManager: Shutting down and abandoning module SmartSnapping (184)
[2016.10.15-17.07.48:514][150]LogModuleManager: Shutting down and abandoning module ViewportSnapping (183)
[2016.10.15-17.07.48:514][150]LogModuleManager: Shutting down and abandoning module LogVisualizer (182)
[2016.10.15-17.07.48:514][150]LogModuleManager: Shutting down and abandoning module GameProjectGeneration (181)
[2016.10.15-17.07.48:514][150]LogModuleManager: Shutting down and abandoning module IntroTutorials (180)
[2016.10.15-17.07.48:514][150]LogModuleManager: Shutting down and abandoning module EditorLiveStreaming (179)
[2016.10.15-17.07.48:514][150]LogModuleManager: Shutting down and abandoning module IOSPlatformEditor (178)
[2016.10.15-17.07.48:514][150]LogModuleManager: Shutting down and abandoning module HTML5PlatformEditor (177)
[2016.10.15-17.07.48:514][150]LogModuleManager: Shutting down and abandoning module AndroidDeviceDetection (176)
[2016.10.15-17.07.48:752][150]LogModuleManager: Shutting down and abandoning module AndroidPlatformEditor (175)
[2016.10.15-17.07.48:752][150]LogModuleManager: Shutting down and abandoning module IOSRuntimeSettings (174)
[2016.10.15-17.07.48:752][150]LogModuleManager: Shutting down and abandoning module AndroidRuntimeSettings (173)
[2016.10.15-17.07.48:752][150]LogModuleManager: Shutting down and abandoning module MergeActors (172)
[2016.10.15-17.07.48:752][150]LogModuleManager: Shutting down and abandoning module SizeMap (171)
[2016.10.15-17.07.48:752][150]LogModuleManager: Shutting down and abandoning module TreeMap (170)
[2016.10.15-17.07.48:752][150]LogModuleManager: Shutting down and abandoning module ReferenceViewer (169)
[2016.10.15-17.07.48:752][150]LogModuleManager: Shutting down and abandoning module LocalizationService (168)
[2016.10.15-17.07.48:753][150]LogModuleManager: Shutting down and abandoning module LocalizationDashboard (167)
[2016.10.15-17.07.48:753][150]LogModuleManager: Shutting down and abandoning module HardwareTargeting (166)
[2016.10.15-17.07.48:753][150]LogModuleManager: Shutting down and abandoning module DeviceProfileEditor (165)
[2016.10.15-17.07.48:753][150]LogModuleManager: Shutting down and abandoning module UndoHistory (164)
[2016.10.15-17.07.48:753][150]LogModuleManager: Shutting down and abandoning module UserFeedback (163)
[2016.10.15-17.07.48:753][150]LogModuleManager: Shutting down and abandoning module XmlParser (162)
[2016.10.15-17.07.48:753][150]LogModuleManager: Shutting down and abandoning module Blutility (161)
[2016.10.15-17.07.48:753][150]LogModuleManager: Shutting down and abandoning module ProjectTargetPlatformEditor (160)
[2016.10.15-17.07.48:753][150]LogModuleManager: Shutting down and abandoning module ProjectSettingsViewer (159)
[2016.10.15-17.07.48:753][150]LogModuleManager: Shutting down and abandoning module InputBindingEditor (158)
[2016.10.15-17.07.48:753][150]LogModuleManager: Shutting down and abandoning module EditorSettingsViewer (157)
[2016.10.15-17.07.48:753][150]LogModuleManager: Shutting down and abandoning module SettingsEditor (156)
[2016.10.15-17.07.48:753][150]LogModuleManager: Shutting down and abandoning module ProjectLauncher (155)
[2016.10.15-17.07.48:753][150]LogModuleManager: Shutting down and abandoning module SessionFrontend (154)
[2016.10.15-17.07.48:753][150]LogModuleManager: Shutting down and abandoning module ProfilerClient (153)
[2016.10.15-17.07.48:753][150]LogModuleManager: Shutting down and abandoning module TargetDeviceServices (152)
[2016.10.15-17.07.48:753][150]LogModuleManager: Shutting down and abandoning module DeviceManager (151)
[2016.10.15-17.07.48:796][150]LogModuleManager: Shutting down and abandoning module AutomationController (150)
[2016.10.15-17.07.48:796][150]LogModuleManager: Shutting down and abandoning module AutomationWindow (149)
[2016.10.15-17.07.48:796][150]LogModuleManager: Shutting down and abandoning module Layers (148)
[2016.10.15-17.07.48:796][150]LogModuleManager: Shutting down and abandoning module ComponentVisualizers (147)
[2016.10.15-17.07.48:796][150]LogModuleManager: Shutting down and abandoning module DetailCustomizations (146)
[2016.10.15-17.07.48:796][150]LogModuleManager: Shutting down and abandoning module PackagesDialog (145)
[2016.10.15-17.07.48:796][150]LogModuleManager: Shutting down and abandoning module Persona (144)
[2016.10.15-17.07.48:796][150]LogModuleManager: Shutting down and abandoning module Kismet (143)
[2016.10.15-17.07.48:796][150]LogModuleManager: Shutting down and abandoning module GraphEditor (142)
[2016.10.15-17.07.48:796][150]LogModuleManager: Shutting down and abandoning module ClassViewer (141)
[2016.10.15-17.07.48:796][150]LogModuleManager: Shutting down and abandoning module Toolbox (140)
[2016.10.15-17.07.48:796][150]LogModuleManager: Shutting down and abandoning module ModuleUI (139)
[2016.10.15-17.07.48:796][150]LogModuleManager: Shutting down and abandoning module MovieSceneTools (138)
[2016.10.15-17.07.48:796][150]LogModuleManager: Shutting down and abandoning module OutputLog (137)
[2016.10.15-17.07.48:796][150]LogModuleManager: Shutting down and abandoning module GammaUI (136)
[2016.10.15-17.07.48:796][150]LogModuleManager: Shutting down and abandoning module Documentation (135)
[2016.10.15-17.07.48:796][150]LogModuleManager: Shutting down and abandoning module StreamingPauseRendering (134)
[2016.10.15-17.07.48:796][150]LogModuleManager: Shutting down and abandoning module AnalyticsET (133)
[2016.10.15-17.07.48:796][150]LogModuleManager: Shutting down and abandoning module Analytics (132)
[2016.10.15-17.07.48:796][150]LogModuleManager: Shutting down and abandoning module PortalServices (131)
[2016.10.15-17.07.48:796][150]LogModuleManager: Shutting down and abandoning module PortalRpc (130)
[2016.10.15-17.07.48:796][150]LogModuleManager: Shutting down and abandoning module MessagingRpc (129)
[2016.10.15-17.07.48:796][150]LogModuleManager: Shutting down and abandoning module AITestSuite (128)
[2016.10.15-17.07.48:796][150]LogModuleManager: Shutting down and abandoning module GameplayDebugger (127)
[2016.10.15-17.07.48:796][150]LogModuleManager: Shutting down and abandoning module AIModule (126)
[2016.10.15-17.07.48:796][150]LogModuleManager: Shutting down and abandoning module ProfilerService (125)
[2016.10.15-17.07.48:802][150]LogModuleManager: Shutting down and abandoning module TaskGraph (124)
[2016.10.15-17.07.48:802][150]LogModuleManager: Shutting down and abandoning module SlateRemote (123)
[2016.10.15-17.07.48:802][150]LogModuleManager: Shutting down and abandoning module SteamVRController (122)
[2016.10.15-17.07.48:802][150]LogModuleManager: Shutting down and abandoning module SteamVR (121)
[2016.10.15-17.07.48:802][150]LogModuleManager: Shutting down and abandoning module ProceduralMeshComponent (120)
[2016.10.15-17.07.48:802][150]LogModuleManager: Shutting down and abandoning module OculusLibrary (119)
[2016.10.15-17.07.48:802][150]LogModuleManager: Shutting down and abandoning module OculusInput (118)
[2016.10.15-17.07.48:802][150]LogModuleManager: Shutting down and abandoning module CustomMeshComponent (117)
[2016.10.15-17.07.48:802][150]LogModuleManager: Shutting down and abandoning module CableComponent (116)
[2016.10.15-17.07.48:802][150]LogModuleManager: Shutting down and abandoning module ArchVisCharacter (115)
[2016.10.15-17.07.48:802][150]LogModuleManager: Shutting down and abandoning module MediaPlayerEditor (114)
[2016.10.15-17.07.48:802][150]LogModuleManager: Shutting down and abandoning module HTML5Networking (113)
[2016.10.15-17.07.48:802][150]LogModuleManager: Shutting down and abandoning module SpeedTreeImporter (112)
[2016.10.15-17.07.48:802][150]LogModuleManager: Shutting down and abandoning module PluginBrowser (111)
[2016.10.15-17.07.48:802][150]LogModuleManager: Shutting down and abandoning module EpicSurvey (110)
[2016.10.15-17.07.48:802][150]LogModuleManager: Shutting down and abandoning module DesktopPlatform (109)
[2016.10.15-17.07.48:802][150]LogModuleManager: Shutting down and abandoning module VisualStudioSourceCodeAccess (108)
[2016.10.15-17.07.48:802][150]LogModuleManager: Shutting down and abandoning module UObjectPlugin (107)
[2016.10.15-17.07.48:802][150]LogModuleManager: Shutting down and abandoning module SubversionSourceControl (106)
[2016.10.15-17.07.48:803][150]LogModuleManager: Shutting down and abandoning module PerforceSourceControl (105)
[2016.10.15-17.07.48:803][150]LogModuleManager: Shutting down and abandoning module SourceControl (104)
[2016.10.15-17.07.48:803][150]LogModuleManager: Shutting down and abandoning module GitSourceControl (103)
[2016.10.15-17.07.48:803][150]LogModuleManager: Shutting down and abandoning module LightPropagationVolumeEditor (102)
[2016.10.15-17.07.48:803][150]LogModuleManager: Shutting down and abandoning module PaperTiledImporter (101)
[2016.10.15-17.07.48:803][150]LogModuleManager: Shutting down and abandoning module PaperSpriteSheetImporter (100)
[2016.10.15-17.07.48:803][150]LogModuleManager: Shutting down and abandoning module MeshPaint (99)
[2016.10.15-17.07.48:803][150]LogModuleManager: Shutting down and abandoning module HotReload (98)
[2016.10.15-17.07.48:804][150]LogModuleManager: Shutting down and abandoning module MainFrame (97)
[2016.10.15-17.07.48:804][150]LogModuleManager: Shutting down and abandoning module LevelEditor (96)
[2016.10.15-17.07.48:805][150]LogModuleManager: Shutting down and abandoning module DirectoryWatcher (95)
[2016.10.15-17.07.48:806][150]LogModuleManager: Shutting down and abandoning module AssetRegistry (94)
[2016.10.15-17.07.49:012][150]LogModuleManager: Shutting down and abandoning module ContentBrowser (93)
[2016.10.15-17.07.49:013][150]LogModuleManager: Shutting down and abandoning module Paper2DEditor (92)
[2016.10.15-17.07.49:013][150]LogModuleManager: Shutting down and abandoning module UdpMessaging (91)
[2016.10.15-17.07.49:115][150]LogModuleManager: Shutting down and abandoning module LightPropagationVolumeRuntime (90)
[2016.10.15-17.07.49:115][150]LogModuleManager: Shutting down and abandoning module Paper2D (89)
[2016.10.15-17.07.49:115][150]LogModuleManager: Shutting down and abandoning module WindowsMoviePlayer (88)
[2016.10.15-17.07.49:115][150]LogModuleManager: Shutting down and abandoning module Media (87)
[2016.10.15-17.07.49:115][150]LogModuleManager: Shutting down and abandoning module WmfMedia (86)
[2016.10.15-17.07.49:115][150]LogModuleManager: Shutting down and abandoning module GameLiveStreaming (85)
[2016.10.15-17.07.49:115][150]LogModuleManager: Shutting down and abandoning module GameplayTagsEditor (84)
[2016.10.15-17.07.49:115][150]LogModuleManager: Shutting down and abandoning module OnlineBlueprintSupport (83)
[2016.10.15-17.07.49:115][150]LogModuleManager: Shutting down and abandoning module GameplayTasksEditor (82)
[2016.10.15-17.07.49:115][150]LogModuleManager: Shutting down and abandoning module PropertyEditor (81)
[2016.10.15-17.07.49:115][150]LogModuleManager: Shutting down and abandoning module BehaviorTreeEditor (80)
[2016.10.15-17.07.49:115][150]LogModuleManager: Shutting down and abandoning module FunctionalTesting (79)
[2016.10.15-17.07.49:115][150]LogModuleManager: Shutting down and abandoning module CollisionAnalyzer (78)
[2016.10.15-17.07.49:115][150]LogModuleManager: Shutting down and abandoning module WorkspaceMenuStructure (77)
[2016.10.15-17.07.49:115][150]LogModuleManager: Shutting down and abandoning module MessageLog (76)
[2016.10.15-17.07.49:115][150]LogModuleManager: Shutting down and abandoning module Sequencer (75)
[2016.10.15-17.07.49:115][150]LogModuleManager: Shutting down and abandoning module AssetTools (74)
[2016.10.15-17.07.49:115][150]LogModuleManager: Shutting down and abandoning module UMGEditor (73)
[2016.10.15-17.07.49:115][150]LogModuleManager: Shutting down and abandoning module UMG (72)
[2016.10.15-17.07.49:115][150]LogModuleManager: Shutting down and abandoning module SlateReflector (71)
[2016.10.15-17.07.49:115][150]LogModuleManager: Shutting down and abandoning module Slate (70)
[2016.10.15-17.07.49:116][150]LogModuleManager: Shutting down and abandoning module EditorStyle (69)
[2016.10.15-17.07.49:118][150]LogModuleManager: Shutting down and abandoning module SessionServices (68)
[2016.10.15-17.07.49:118][150]LogModuleManager: Shutting down and abandoning module SourceCodeAccess (67)
[2016.10.15-17.07.49:118][150]LogModuleManager: Shutting down and abandoning module HeadMountedDisplay (66)
[2016.10.15-17.07.49:118][150]LogModuleManager: Shutting down and abandoning module XAudio2 (65)
[2016.10.15-17.07.49:118][150]LogModuleManager: Shutting down and abandoning module Networking (63)
[2016.10.15-17.07.49:118][150]LogModuleManager: Shutting down and abandoning module Core (62)
[2016.10.15-17.07.49:118][150]LogModuleManager: Shutting down and abandoning module KismetCompiler (61)
[2016.10.15-17.07.49:118][150]LogModuleManager: Shutting down and abandoning module PhysXFormats (60)
[2016.10.15-17.07.49:118][150]LogModuleManager: Shutting down and abandoning module MeshUtilities (59)
[2016.10.15-17.07.49:118][150]LogModuleManager: Shutting down and abandoning module CookingStats (58)
[2016.10.15-17.07.49:118][150]LogModuleManager: Shutting down and abandoning module DerivedDataCache (57)
[2016.10.15-17.07.49:118][150]LogDerivedDataCache: Shutdown
[2016.10.15-17.07.49:118][150]LogModuleManager: Shutting down and abandoning module ShaderFormatOpenGL (56)
[2016.10.15-17.07.49:118][150]LogModuleManager: Shutting down and abandoning module ShaderFormatD3D (55)
[2016.10.15-17.07.49:118][150]LogModuleManager: Shutting down and abandoning module MetalShaderFormat (54)
[2016.10.15-17.07.49:118][150]LogModuleManager: Shutting down and abandoning module TextureFormatUncompressed (53)
[2016.10.15-17.07.49:118][150]LogModuleManager: Shutting down and abandoning module TextureFormatPVR (52)
[2016.10.15-17.07.49:118][150]LogModuleManager: Shutting down and abandoning module TextureFormatIntelISPCTexComp (51)
[2016.10.15-17.07.49:119][150]LogModuleManager: Shutting down and abandoning module TextureFormatDXT (50)
[2016.10.15-17.07.49:119][150]LogModuleManager: Shutting down and abandoning module ImageWrapper (49)
[2016.10.15-17.07.49:119][150]LogModuleManager: Shutting down and abandoning module TextureFormatASTC (48)
[2016.10.15-17.07.49:119][150]LogModuleManager: Shutting down and abandoning module TextureFormatAndroid (47)
[2016.10.15-17.07.49:119][150]LogModuleManager: Shutting down and abandoning module AudioFormatOpus (46)
[2016.10.15-17.07.49:119][150]LogModuleManager: Shutting down and abandoning module AudioFormatOgg (45)
[2016.10.15-17.07.49:119][150]LogModuleManager: Shutting down and abandoning module AudioFormatADPCM (44)
[2016.10.15-17.07.49:119][150]LogModuleManager: Shutting down and abandoning module LinuxTargetPlatform (43)
[2016.10.15-17.07.49:119][150]LogModuleManager: Shutting down and abandoning module LinuxServerTargetPlatform (42)
[2016.10.15-17.07.49:119][150]LogModuleManager: Shutting down and abandoning module LinuxNoEditorTargetPlatform (41)
[2016.10.15-17.07.49:119][150]LogModuleManager: Shutting down and abandoning module TVOSTargetPlatform (40)
[2016.10.15-17.07.49:119][150]LogModuleManager: Shutting down and abandoning module Messaging (39)
[2016.10.15-17.07.49:119][150]LogModuleManager: Shutting down and abandoning module IOSTargetPlatform (38)
[2016.10.15-17.07.49:119][150]LogModuleManager: Shutting down and abandoning module HTML5TargetPlatform (37)
[2016.10.15-17.07.49:119][150]LogModuleManager: Shutting down and abandoning module Android_PVRTCTargetPlatform (36)
[2016.10.15-17.07.49:119][150]LogModuleManager: Shutting down and abandoning module Android_MultiTargetPlatform (35)
[2016.10.15-17.07.49:119][150]LogModuleManager: Shutting down and abandoning module Android_ETC2TargetPlatform (34)
[2016.10.15-17.07.49:119][150]LogModuleManager: Shutting down and abandoning module Android_ETC1TargetPlatform (33)
[2016.10.15-17.07.49:119][150]LogModuleManager: Shutting down and abandoning module Android_DXTTargetPlatform (32)
[2016.10.15-17.07.49:119][150]LogModuleManager: Shutting down and abandoning module Android_ATCTargetPlatform (31)
[2016.10.15-17.07.49:119][150]LogModuleManager: Shutting down and abandoning module Android_ASTCTargetPlatform (30)
[2016.10.15-17.07.49:119][150]LogModuleManager: Shutting down and abandoning module AndroidTargetPlatform (29)
[2016.10.15-17.07.49:119][150]LogModuleManager: Shutting down and abandoning module WindowsTargetPlatform (28)
[2016.10.15-17.07.49:119][150]LogModuleManager: Shutting down and abandoning module WindowsServerTargetPlatform (27)
[2016.10.15-17.07.49:119][150]LogModuleManager: Shutting down and abandoning module WindowsNoEditorTargetPlatform (26)
[2016.10.15-17.07.49:119][150]LogModuleManager: Shutting down and abandoning module WindowsClientTargetPlatform (25)
[2016.10.15-17.07.49:119][150]LogModuleManager: Shutting down and abandoning module AllDesktopTargetPlatform (24)
[2016.10.15-17.07.49:119][150]LogModuleManager: Shutting down and abandoning module TargetPlatform (23)
[2016.10.15-17.07.49:119][150]LogModuleManager: Shutting down and abandoning module InputCore (22)
[2016.10.15-17.07.49:119][150]LogModuleManager: Shutting down and abandoning module Settings (21)
[2016.10.15-17.07.49:119][150]LogModuleManager: Shutting down and abandoning module OnlineSubsystem (19)
[2016.10.15-17.07.49:119][150]LogModuleManager: Shutting down and abandoning module HTTP (18)
[2016.10.15-17.07.51:128][150]LogModuleManager: Shutting down and abandoning module XMPP (17)
[2016.10.15-17.07.51:128][150]LogModuleManager: Shutting down and abandoning module OculusRift (16)
[2016.10.15-17.07.51:128][150]LogModuleManager: Shutting down and abandoning module ExampleDeviceProfileSelector (15)
[2016.10.15-17.07.51:128][150]LogModuleManager: Shutting down and abandoning module TextureCompressor (14)
[2016.10.15-17.07.51:129][150]LogModuleManager: Shutting down and abandoning module ShaderCore (13)
[2016.10.15-17.07.51:129][150]LogModuleManager: Shutting down and abandoning module Landscape (12)
[2016.10.15-17.07.51:129][150]LogModuleManager: Shutting down and abandoning module SlateRHIRenderer (11)
[2016.10.15-17.07.51:132][150]LogModuleManager: Shutting down and abandoning module OpenGLDrv (10)
[2016.10.15-17.07.51:133][150]LogModuleManager: Shutting down and abandoning module D3D11RHI (9)
[2016.10.15-17.07.51:133][150]LogModuleManager: Shutting down and abandoning module AnimGraphRuntime (8)
[2016.10.15-17.07.51:133][150]LogModuleManager: Shutting down and abandoning module Renderer (7)
[2016.10.15-17.07.51:133][150]LogModuleManager: Shutting down and abandoning module Engine (6)
[2016.10.15-17.07.51:133][150]LogModuleManager: Shutting down and abandoning module CoreUObject (5)
[2016.10.15-17.07.51:133][150]LogModuleManager: Shutting down and abandoning module NetworkFile (4)
[2016.10.15-17.07.51:133][150]LogModuleManager: Shutting down and abandoning module StreamingFile (3)
[2016.10.15-17.07.51:133][150]LogModuleManager: Shutting down and abandoning module SandboxFile (2)
[2016.10.15-17.07.51:133][150]LogModuleManager: Shutting down and abandoning module PakFile (1)
[2016.10.15-17.07.51:136][150]LogExit: Exiting.
[2016.10.15-17.07.51:158][150]Log file closed, 10/15/16 19:07:51
